# JRE version: OpenJDK Runtime Environment JBR-17.0.11+1-1312.2-nomod (17.0.11+1) (build 17.0.11+1-b1312.2)
# Java VM: OpenJDK 64-Bit Server VM JBR-17.0.11+1-1312.2-nomod (17.0.11+1-b1312.2, mixed mode, emulated-client, sharing, tiered, compressed oops, compressed class ptrs, g1 gc, windows-amd64)
GC Precious Log:
 CPUs: 8 total, 8 available
 Memory: 16165M
 Large Page Support: Disabled
 NUMA Support: Disabled
 Compressed Oops: Enabled (Zero based)
 Heap Region Size: 2M
 Heap Min Capacity: 8M
 Heap Initial Capacity: 254M
 Heap Max Capacity: 4042M
 Pre-touch: Disabled
 Parallel Workers: 8
 Concurrent Workers: 2
 Concurrent Refinement Workers: 8
 Periodic GC: Disabled
Heap:
 garbage-first heap   total 196608K, used 84533K [0x0000000703600000, 0x0000000800000000)
  region size 2048K, 11 young (22528K), 6 survivors (12288K)
 Metaspace       used 68248K, committed 68800K, reserved 1114112K
  class space    used 8957K, committed 9216K, reserved 1048576K
GC Heap History (20 events):
Event: 10.460 GC heap before
{Heap before GC invocations=9 (full 0):
 garbage-first heap   total 96256K, used 72869K [0x0000000703600000, 0x0000000800000000)
  region size 2048K, 23 young (47104K), 2 survivors (4096K)
 Metaspace       used 26609K, committed 26880K, reserved 1114112K
  class space    used 3343K, committed 3456K, reserved 1048576K
}
Event: 10.480 GC heap after
{Heap after GC invocations=10 (full 0):
 garbage-first heap   total 192512K, used 31767K [0x0000000703600000, 0x0000000800000000)
  region size 2048K, 3 young (6144K), 3 survivors (6144K)
 Metaspace       used 26609K, committed 26880K, reserved 1114112K
  class space    used 3343K, committed 3456K, reserved 1048576K
}
Event: 12.826 GC heap before
{Heap before GC invocations=10 (full 0):
 garbage-first heap   total 192512K, used 140311K [0x0000000703600000, 0x0000000800000000)
  region size 2048K, 56 young (114688K), 3 survivors (6144K)
 Metaspace       used 31791K, committed 32192K, reserved 1114112K
  class space    used 4032K, committed 4224K, reserved 1048576K
}
Event: 12.856 GC heap after
{Heap after GC invocations=11 (full 0):
 garbage-first heap   total 192512K, used 38445K [0x0000000703600000, 0x0000000800000000)
  region size 2048K, 6 young (12288K), 6 survivors (12288K)
 Metaspace       used 31791K, committed 32192K, reserved 1114112K
  class space    used 4032K, committed 4224K, reserved 1048576K
}
Event: 14.416 GC heap before
{Heap before GC invocations=11 (full 0):
 garbage-first heap   total 192512K, used 126509K [0x0000000703600000, 0x0000000800000000)
  region size 2048K, 50 young (102400K), 6 survivors (12288K)
 Metaspace       used 35588K, committed 36096K, reserved 1114112K
  class space    used 4454K, committed 4736K, reserved 1048576K
}
Event: 14.436 GC heap after
{Heap after GC invocations=12 (full 0):
 garbage-first heap   total 192512K, used 43650K [0x0000000703600000, 0x0000000800000000)
  region size 2048K, 6 young (12288K), 6 survivors (12288K)
 Metaspace       used 35588K, committed 36096K, reserved 1114112K
  class space    used 4454K, committed 4736K, reserved 1048576K
}
Event: 16.274 GC heap before
{Heap before GC invocations=13 (full 0):
 garbage-first heap   total 163840K, used 129666K [0x0000000703600000, 0x0000000800000000)
  region size 2048K, 48 young (98304K), 6 survivors (12288K)
 Metaspace       used 43191K, committed 43648K, reserved 1114112K
  class space    used 5394K, committed 5632K, reserved 1048576K
}
Event: 16.295 GC heap after
{Heap after GC invocations=14 (full 0):
 garbage-first heap   total 163840K, used 48503K [0x0000000703600000, 0x0000000800000000)
  region size 2048K, 5 young (10240K), 5 survivors (10240K)
 Metaspace       used 43191K, committed 43648K, reserved 1114112K
  class space    used 5394K, committed 5632K, reserved 1048576K
}
Event: 17.865 GC heap before
{Heap before GC invocations=14 (full 0):
 garbage-first heap   total 163840K, used 130423K [0x0000000703600000, 0x0000000800000000)
  region size 2048K, 45 young (92160K), 5 survivors (10240K)
 Metaspace       used 47601K, committed 48064K, reserved 1114112K
  class space    used 6067K, committed 6272K, reserved 1048576K
}
Event: 17.884 GC heap after
{Heap after GC invocations=15 (full 0):
 garbage-first heap   total 163840K, used 53218K [0x0000000703600000, 0x0000000800000000)
  region size 2048K, 5 young (10240K), 5 survivors (10240K)
 Metaspace       used 47601K, committed 48064K, reserved 1114112K
  class space    used 6067K, committed 6272K, reserved 1048576K
}
Event: 19.292 GC heap before
{Heap before GC invocations=15 (full 0):
 garbage-first heap   total 163840K, used 131042K [0x0000000703600000, 0x0000000800000000)
  region size 2048K, 43 young (88064K), 5 survivors (10240K)
 Metaspace       used 51390K, committed 51840K, reserved 1114112K
  class space    used 6607K, committed 6848K, reserved 1048576K
}
Event: 19.309 GC heap after
{Heap after GC invocations=16 (full 0):
 garbage-first heap   total 196608K, used 58003K [0x0000000703600000, 0x0000000800000000)
  region size 2048K, 5 young (10240K), 5 survivors (10240K)
 Metaspace       used 51390K, committed 51840K, reserved 1114112K
  class space    used 6607K, committed 6848K, reserved 1048576K
}
Event: 20.940 GC heap before
{Heap before GC invocations=16 (full 0):
 garbage-first heap   total 196608K, used 154259K [0x0000000703600000, 0x0000000800000000)
  region size 2048K, 52 young (106496K), 5 survivors (10240K)
 Metaspace       used 57099K, committed 57600K, reserved 1114112K
  class space    used 7396K, committed 7616K, reserved 1048576K
}
Event: 20.959 GC heap after
{Heap after GC invocations=17 (full 0):
 garbage-first heap   total 196608K, used 63038K [0x0000000703600000, 0x0000000800000000)
  region size 2048K, 5 young (10240K), 5 survivors (10240K)
 Metaspace       used 57099K, committed 57600K, reserved 1114112K
  class space    used 7396K, committed 7616K, reserved 1048576K
}
Event: 21.920 GC heap before
{Heap before GC invocations=17 (full 0):
 garbage-first heap   total 196608K, used 108094K [0x0000000703600000, 0x0000000800000000)
  region size 2048K, 28 young (57344K), 5 survivors (10240K)
 Metaspace       used 59986K, committed 60480K, reserved 1114112K
  class space    used 7824K, committed 8064K, reserved 1048576K
}
Event: 21.937 GC heap after
{Heap after GC invocations=18 (full 0):
 garbage-first heap   total 196608K, used 65995K [0x0000000703600000, 0x0000000800000000)
  region size 2048K, 4 young (8192K), 4 survivors (8192K)
 Metaspace       used 59986K, committed 60480K, reserved 1114112K
  class space    used 7824K, committed 8064K, reserved 1048576K
}
Event: 23.565 GC heap before
{Heap before GC invocations=19 (full 0):
 garbage-first heap   total 196608K, used 158155K [0x0000000703600000, 0x0000000800000000)
  region size 2048K, 49 young (100352K), 4 survivors (8192K)
 Metaspace       used 64176K, committed 64640K, reserved 1114112K
  class space    used 8447K, committed 8640K, reserved 1048576K
}
Event: 23.579 GC heap after
{Heap after GC invocations=20 (full 0):
 garbage-first heap   total 196608K, used 70387K [0x0000000703600000, 0x0000000800000000)
  region size 2048K, 6 young (12288K), 6 survivors (12288K)
 Metaspace       used 64176K, committed 64640K, reserved 1114112K
  class space    used 8447K, committed 8640K, reserved 1048576K
}
Event: 25.689 GC heap before
{Heap before GC invocations=20 (full 0):
 garbage-first heap   total 196608K, used 160499K [0x0000000703600000, 0x0000000800000000)
  region size 2048K, 50 young (102400K), 6 survivors (12288K)
 Metaspace       used 68078K, committed 68608K, reserved 1114112K
  class space    used 8920K, committed 9152K, reserved 1048576K
}
Event: 25.710 GC heap after
{Heap after GC invocations=21 (full 0):
 garbage-first heap   total 196608K, used 76341K [0x0000000703600000, 0x0000000800000000)
  region size 2048K, 6 young (12288K), 6 survivors (12288K)
 Metaspace       used 68078K, committed 68608K, reserved 1114112K
  class space    used 8920K, committed 9152K, reserved 1048576K
}

